<?xml version="1.0" encoding="UTF-8"?>
<testng-results skipped="0" failed="1" ignored="0" total="4" passed="3">
  <reporter-output>
  </reporter-output>
  <suite name="Suite" duration-ms="77010" started-at="2018-11-02T04:35:12Z" finished-at="2018-11-02T04:36:29Z">
    <groups>
    </groups>
    <test name="hp" duration-ms="13412" started-at="2018-11-02T04:35:12Z" finished-at="2018-11-02T04:35:25Z">
      <class name="AliExpress.HomePageTest">
        <test-method status="PASS" signature="initialize()[pri:0, instance:AliExpress.HomePageTest@351d00c0]" name="initialize" is-config="true" duration-ms="7799" started-at="2018-11-02T04:35:12Z" finished-at="2018-11-02T04:35:19Z">
          <reporter-output>
          </reporter-output>
        </test-method> <!-- initialize -->
        <test-method status="PASS" signature="validate()[pri:0, instance:AliExpress.HomePageTest@351d00c0]" name="validate" duration-ms="5251" started-at="2018-11-02T04:35:19Z" finished-at="2018-11-02T04:35:25Z">
          <reporter-output>
          </reporter-output>
        </test-method> <!-- validate -->
        <test-method status="PASS" signature="teardown()[pri:0, instance:AliExpress.HomePageTest@351d00c0]" name="teardown" is-config="true" duration-ms="324" started-at="2018-11-02T04:35:25Z" finished-at="2018-11-02T04:35:25Z">
          <reporter-output>
          </reporter-output>
        </test-method> <!-- teardown -->
      </class> <!-- AliExpress.HomePageTest -->
    </test> <!-- hp -->
    <test name="lp" duration-ms="27296" started-at="2018-11-02T04:35:25Z" finished-at="2018-11-02T04:35:52Z">
      <class name="AliExpress.LoginPageTest">
        <test-method status="PASS" signature="initialize()[pri:0, instance:AliExpress.LoginPageTest@34123d65]" name="initialize" is-config="true" duration-ms="2262" started-at="2018-11-02T04:35:25Z" finished-at="2018-11-02T04:35:27Z">
          <reporter-output>
          </reporter-output>
        </test-method> <!-- initialize -->
        <test-method status="PASS" signature="basePageNavigation(java.lang.String, java.lang.String, java.lang.String)[pri:0, instance:AliExpress.LoginPageTest@34123d65]" name="basePageNavigation" duration-ms="8484" started-at="2018-11-02T04:35:27Z" data-provider="getData" finished-at="2018-11-02T04:35:36Z">
          <params>
            <param index="0">
              <value>
                <![CDATA[123@gmail.com]]>
              </value>
            </param>
            <param index="1">
              <value>
                <![CDATA[123456]]>
              </value>
            </param>
            <param index="2">
              <value>
                <![CDATA[limited user]]>
              </value>
            </param>
          </params>
          <reporter-output>
          </reporter-output>
        </test-method> <!-- basePageNavigation -->
        <test-method status="PASS" signature="basePageNavigation(java.lang.String, java.lang.String, java.lang.String)[pri:0, instance:AliExpress.LoginPageTest@34123d65]" name="basePageNavigation" duration-ms="14421" started-at="2018-11-02T04:35:36Z" data-provider="getData" finished-at="2018-11-02T04:35:50Z">
          <params>
            <param index="0">
              <value>
                <![CDATA[456@yahoo.com]]>
              </value>
            </param>
            <param index="1">
              <value>
                <![CDATA[789000]]>
              </value>
            </param>
            <param index="2">
              <value>
                <![CDATA[full user]]>
              </value>
            </param>
          </params>
          <reporter-output>
          </reporter-output>
        </test-method> <!-- basePageNavigation -->
        <test-method status="PASS" signature="teardown()[pri:0, instance:AliExpress.LoginPageTest@34123d65]" name="teardown" is-config="true" duration-ms="2123" started-at="2018-11-02T04:35:50Z" finished-at="2018-11-02T04:35:52Z">
          <reporter-output>
          </reporter-output>
        </test-method> <!-- teardown -->
      </class> <!-- AliExpress.LoginPageTest -->
    </test> <!-- lp -->
    <test name="Pt" duration-ms="36247" started-at="2018-11-02T04:35:52Z" finished-at="2018-11-02T04:36:29Z">
      <class name="AliExpress.ProductPageTest">
        <test-method status="PASS" signature="initialize()[pri:0, instance:AliExpress.ProductPageTest@515c6049]" name="initialize" is-config="true" duration-ms="6706" started-at="2018-11-02T04:35:52Z" finished-at="2018-11-02T04:35:59Z">
          <reporter-output>
          </reporter-output>
        </test-method> <!-- initialize -->
        <test-method status="FAIL" signature="productselection(java.lang.String, java.lang.String, java.lang.String, java.lang.String, java.lang.String)[pri:0, instance:AliExpress.ProductPageTest@515c6049]" name="productselection" duration-ms="28159" started-at="2018-11-02T04:35:59Z" finished-at="2018-11-02T04:36:27Z">
          <params>
            <param index="0">
              <value>
                <![CDATA[jiazigg@gmail.com]]>
              </value>
            </param>
            <param index="1">
              <value>
                <![CDATA[jiazi]]>
              </value>
            </param>
            <param index="2">
              <value>
                <![CDATA[1833 Stone RD]]>
              </value>
            </param>
            <param index="3">
              <value>
                <![CDATA[6136663879]]>
              </value>
            </param>
            <param index="4">
              <value>
                <![CDATA[21356]]>
              </value>
            </param>
          </params>
          <exception class="org.openqa.selenium.NoSuchElementException">
            <message>
              <![CDATA[no such element: Unable to locate element: {"method":"xpath","selector":"//a[@class='ui-button ui-button-primary ui-button-medium sa-confirm']"}
  (Session info: chrome=70.0.3538.77)
  (Driver info: chromedriver=2.42.591088 (7b2b2dca23cca0862f674758c9a3933e685c27d5),platform=Windows NT 10.0.17134 x86_64) (WARNING: The server did not provide any stacktrace information)
Command duration or timeout: 0 milliseconds
For documentation on this error, please visit: http://seleniumhq.org/exceptions/no_such_element.html
Build info: version: '3.14.0', revision: 'aacccce0', time: '2018-08-02T20:19:58.91Z'
System info: host: 'DESKTOP-D0335PQ', ip: '192.168.0.13', os.name: 'Windows 10', os.arch: 'amd64', os.version: '10.0', java.version: '1.8.0_181'
Driver info: org.openqa.selenium.chrome.ChromeDriver
Capabilities {acceptInsecureCerts: false, acceptSslCerts: false, applicationCacheEnabled: false, browserConnectionEnabled: false, browserName: chrome, chrome: {chromedriverVersion: 2.42.591088 (7b2b2dca23cca0..., userDataDir: C:\Users\52456\AppData\Loca...}, cssSelectorsEnabled: true, databaseEnabled: false, goog:chromeOptions: {debuggerAddress: localhost:52557}, handlesAlerts: true, hasTouchScreen: false, javascriptEnabled: true, locationContextEnabled: true, mobileEmulationEnabled: false, nativeEvents: true, networkConnectionEnabled: false, pageLoadStrategy: normal, platform: XP, platformName: XP, rotatable: false, setWindowRect: true, takesHeapSnapshot: true, takesScreenshot: true, unexpectedAlertBehaviour: , unhandledPromptBehavior: , version: 70.0.3538.77, webStorageEnabled: true}
Session ID: 0735157b4ba7a6e151df0a413e99c828
*** Element info: {Using=xpath, value=//a[@class='ui-button ui-button-primary ui-button-medium sa-confirm']}]]>
            </message>
            <full-stacktrace>
              <![CDATA[org.openqa.selenium.NoSuchElementException: no such element: Unable to locate element: {"method":"xpath","selector":"//a[@class='ui-button ui-button-primary ui-button-medium sa-confirm']"}
  (Session info: chrome=70.0.3538.77)
  (Driver info: chromedriver=2.42.591088 (7b2b2dca23cca0862f674758c9a3933e685c27d5),platform=Windows NT 10.0.17134 x86_64) (WARNING: The server did not provide any stacktrace information)
Command duration or timeout: 0 milliseconds
For documentation on this error, please visit: http://seleniumhq.org/exceptions/no_such_element.html
Build info: version: '3.14.0', revision: 'aacccce0', time: '2018-08-02T20:19:58.91Z'
System info: host: 'DESKTOP-D0335PQ', ip: '192.168.0.13', os.name: 'Windows 10', os.arch: 'amd64', os.version: '10.0', java.version: '1.8.0_181'
Driver info: org.openqa.selenium.chrome.ChromeDriver
Capabilities {acceptInsecureCerts: false, acceptSslCerts: false, applicationCacheEnabled: false, browserConnectionEnabled: false, browserName: chrome, chrome: {chromedriverVersion: 2.42.591088 (7b2b2dca23cca0..., userDataDir: C:\Users\52456\AppData\Loca...}, cssSelectorsEnabled: true, databaseEnabled: false, goog:chromeOptions: {debuggerAddress: localhost:52557}, handlesAlerts: true, hasTouchScreen: false, javascriptEnabled: true, locationContextEnabled: true, mobileEmulationEnabled: false, nativeEvents: true, networkConnectionEnabled: false, pageLoadStrategy: normal, platform: XP, platformName: XP, rotatable: false, setWindowRect: true, takesHeapSnapshot: true, takesScreenshot: true, unexpectedAlertBehaviour: , unhandledPromptBehavior: , version: 70.0.3538.77, webStorageEnabled: true}
Session ID: 0735157b4ba7a6e151df0a413e99c828
*** Element info: {Using=xpath, value=//a[@class='ui-button ui-button-primary ui-button-medium sa-confirm']}
at sun.reflect.NativeConstructorAccessorImpl.newInstance0(Native Method)
at sun.reflect.NativeConstructorAccessorImpl.newInstance(NativeConstructorAccessorImpl.java:62)
at sun.reflect.DelegatingConstructorAccessorImpl.newInstance(DelegatingConstructorAccessorImpl.java:45)
at java.lang.reflect.Constructor.newInstance(Constructor.java:423)
at org.openqa.selenium.remote.ErrorHandler.createThrowable(ErrorHandler.java:214)
at org.openqa.selenium.remote.ErrorHandler.throwIfResponseFailed(ErrorHandler.java:166)
at org.openqa.selenium.remote.http.JsonHttpResponseCodec.reconstructValue(JsonHttpResponseCodec.java:40)
at org.openqa.selenium.remote.http.AbstractHttpResponseCodec.decode(AbstractHttpResponseCodec.java:80)
at org.openqa.selenium.remote.http.AbstractHttpResponseCodec.decode(AbstractHttpResponseCodec.java:44)
at org.openqa.selenium.remote.HttpCommandExecutor.execute(HttpCommandExecutor.java:158)
at org.openqa.selenium.remote.service.DriverCommandExecutor.execute(DriverCommandExecutor.java:83)
at org.openqa.selenium.remote.RemoteWebDriver.execute(RemoteWebDriver.java:548)
at org.openqa.selenium.remote.RemoteWebDriver.findElement(RemoteWebDriver.java:322)
at org.openqa.selenium.remote.RemoteWebDriver.findElementByXPath(RemoteWebDriver.java:424)
at org.openqa.selenium.By$ByXPath.findElement(By.java:353)
at org.openqa.selenium.remote.RemoteWebDriver.findElement(RemoteWebDriver.java:314)
at PageObjects.ConfirmPagePO.save(ConfirmPagePO.java:52)
at AliExpress.ProductPageTest.productselection(ProductPageTest.java:80)
at sun.reflect.NativeMethodAccessorImpl.invoke0(Native Method)
at sun.reflect.NativeMethodAccessorImpl.invoke(NativeMethodAccessorImpl.java:62)
at sun.reflect.DelegatingMethodAccessorImpl.invoke(DelegatingMethodAccessorImpl.java:43)
at java.lang.reflect.Method.invoke(Method.java:498)
at org.testng.internal.MethodInvocationHelper.invokeMethod(MethodInvocationHelper.java:124)
at org.testng.internal.Invoker.invokeMethod(Invoker.java:580)
at org.testng.internal.Invoker.invokeTestMethod(Invoker.java:716)
at org.testng.internal.Invoker.invokeTestMethods(Invoker.java:988)
at org.testng.internal.TestMethodWorker.invokeTestMethods(TestMethodWorker.java:125)
at org.testng.internal.TestMethodWorker.run(TestMethodWorker.java:109)
at org.testng.TestRunner.privateRun(TestRunner.java:648)
at org.testng.TestRunner.run(TestRunner.java:505)
at org.testng.SuiteRunner.runTest(SuiteRunner.java:455)
at org.testng.SuiteRunner.runSequentially(SuiteRunner.java:450)
at org.testng.SuiteRunner.privateRun(SuiteRunner.java:415)
at org.testng.SuiteRunner.run(SuiteRunner.java:364)
at org.testng.SuiteRunnerWorker.runSuite(SuiteRunnerWorker.java:52)
at org.testng.SuiteRunnerWorker.run(SuiteRunnerWorker.java:84)
at org.testng.TestNG.runSuitesSequentially(TestNG.java:1208)
at org.testng.TestNG.runSuitesLocally(TestNG.java:1137)
at org.testng.TestNG.runSuites(TestNG.java:1049)
at org.testng.TestNG.run(TestNG.java:1017)
at org.testng.remote.AbstractRemoteTestNG.run(AbstractRemoteTestNG.java:114)
at org.testng.remote.RemoteTestNG.initAndRun(RemoteTestNG.java:251)
at org.testng.remote.RemoteTestNG.main(RemoteTestNG.java:77)
]]>
            </full-stacktrace>
          </exception> <!-- org.openqa.selenium.NoSuchElementException -->
          <reporter-output>
          </reporter-output>
        </test-method> <!-- productselection -->
        <test-method status="PASS" signature="teardown()[pri:0, instance:AliExpress.ProductPageTest@515c6049]" name="teardown" is-config="true" duration-ms="960" started-at="2018-11-02T04:36:28Z" finished-at="2018-11-02T04:36:29Z">
          <reporter-output>
          </reporter-output>
        </test-method> <!-- teardown -->
      </class> <!-- AliExpress.ProductPageTest -->
    </test> <!-- Pt -->
  </suite> <!-- Suite -->
</testng-results>
